17:31:34.370 [main] DEBUG org.apache.poi.ooxml.POIXMLFactory - using default POIXMLDocumentPart for http://schemas.openxmlformats.org/officeDocument/2006/relationships/printerSettings
17:31:34.404 [main] DEBUG org.apache.poi.openxml4j.opc.PackageRelationshipCollection - Parsing relationship: /xl/_rels/workbook.xml.rels
17:31:34.406 [main] DEBUG org.apache.poi.openxml4j.opc.PackageRelationshipCollection - Parsing relationship: /xl/worksheets/_rels/sheet1.xml.rels
17:31:34.408 [main] DEBUG org.apache.poi.openxml4j.opc.PackageRelationshipCollection - Parsing relationship: /_rels/.rels
17:31:34.421 [main] DEBUG org.apache.poi.ooxml.POIXMLFactory - using default POIXMLDocumentPart for http://schemas.openxmlformats.org/officeDocument/2006/relationships/printerSettings
17:31:34.444 [main] DEBUG org.apache.poi.openxml4j.opc.PackageRelationshipCollection - Parsing relationship: /xl/_rels/workbook.xml.rels
17:31:34.446 [main] DEBUG org.apache.poi.openxml4j.opc.PackageRelationshipCollection - Parsing relationship: /xl/worksheets/_rels/sheet1.xml.rels
17:31:34.447 [main] DEBUG org.apache.poi.openxml4j.opc.PackageRelationshipCollection - Parsing relationship: /_rels/.rels
17:31:34.459 [main] DEBUG org.apache.poi.ooxml.POIXMLFactory - using default POIXMLDocumentPart for http://schemas.openxmlformats.org/officeDocument/2006/relationships/printerSettings
17:31:34.478 [main] DEBUG org.apache.poi.openxml4j.opc.PackageRelationshipCollection - Parsing relationship: /xl/_rels/workbook.xml.rels
17:31:34.479 [main] DEBUG org.apache.poi.openxml4j.opc.PackageRelationshipCollection - Parsing relationship: /xl/worksheets/_rels/sheet1.xml.rels
17:31:34.481 [main] DEBUG org.apache.poi.openxml4j.opc.PackageRelationshipCollection - Parsing relationship: /_rels/.rels
17:31:34.499 [main] DEBUG org.apache.poi.ooxml.POIXMLFactory - using default POIXMLDocumentPart for http://schemas.openxmlformats.org/officeDocument/2006/relationships/printerSettings
17:31:34.520 [main] DEBUG org.apache.poi.openxml4j.opc.PackageRelationshipCollection - Parsing relationship: /xl/_rels/workbook.xml.rels
17:31:34.522 [main] DEBUG org.apache.poi.openxml4j.opc.PackageRelationshipCollection - Parsing relationship: /xl/worksheets/_rels/sheet1.xml.rels
17:31:34.523 [main] DEBUG org.apache.poi.openxml4j.opc.PackageRelationshipCollection - Parsing relationship: /_rels/.rels
17:31:34.538 [main] DEBUG org.apache.poi.ooxml.POIXMLFactory - using default POIXMLDocumentPart for http://schemas.openxmlformats.org/officeDocument/2006/relationships/printerSettings
17:31:34.881 [main] INFO  org.testng.internal.Utils - [TestNG] Time taken by org.testng.reporters.jq.Main@6be7bf6d: 188 ms
17:31:34.950 [main] INFO  org.testng.internal.Utils - [TestNG] Time taken by org.testng.reporters.FailedReporter@3730ab42: 69 ms
17:31:34.980 [main] INFO  org.testng.internal.Utils - [TestNG] Time taken by org.testng.reporters.XMLReporter@6c796cc1: 30 ms
17:31:35.009 [main] INFO  org.testng.internal.Utils - [TestNG] Time taken by org.testng.reporters.EmailableReporter2@422b8438: 29 ms
17:31:35.034 [main] INFO  org.testng.internal.Utils - [TestNG] Time taken by org.testng.reporters.JUnitReportReporter@10c2064a: 23 ms
17:31:35.034 [main] INFO  org.testng.internal.Utils - [TestNG] Time taken by org.testng.internal.ExitCodeListener@70e13fa: 0 ms
17:32:24.491 [main] DEBUG org.testng.TestNG - suiteXmlPath: "C:\Users\2308345\eclipse-workspace\SeleniumProject\test-output\final.xml"
17:32:24.886 [main] INFO  org.testng.internal.Utils - [TestNG] Running:
  C:\Users\2308345\eclipse-workspace\SeleniumProject\test-output\final.xml

00:29:07.089 [main] DEBUG org.testng.TestNG - suiteXmlPath: "C:\Users\2308345\eclipse-workspace\SeleniumProject\test-output\grouping.xml"
00:29:25.437 [main] INFO  testCases.TC_001_AccountRegistrationTest - **** starting TC_001_AccountRegistrationTest  *****
00:29:25.438 [main] DEBUG testCases.TC_001_AccountRegistrationTest - application logs started......
00:29:34.361 [main] INFO  testCases.TC_001_AccountRegistrationTest - Clicked on register link
00:29:34.361 [main] INFO  testCases.TC_001_AccountRegistrationTest - Entering customer details.. 
00:29:37.209 [main] INFO  testCases.TC_001_AccountRegistrationTest - clicked on continue..
00:29:37.446 [main] INFO  testCases.TC_001_AccountRegistrationTest - Validating expected message..
00:29:37.452 [main] DEBUG testCases.TC_001_AccountRegistrationTest - application logs end.......
00:29:37.452 [main] INFO  testCases.TC_001_AccountRegistrationTest - **** finished TC_001_AccountRegistrationTest  *****
00:30:09.670 [main] INFO  testCases.TC_002_LoginTest - **** Starting TC_002_LoginTest  ****
00:30:09.670 [main] DEBUG testCases.TC_002_LoginTest - capturing application debug logs....
00:30:11.387 [main] INFO  testCases.TC_002_LoginTest - clicked on login link under myaccount..
00:30:11.392 [main] INFO  testCases.TC_002_LoginTest - Entering valid email and password..
00:30:12.389 [main] INFO  testCases.TC_002_LoginTest - clicked on ligin button..
